Determining if the pthread_create exist failed with the following output:
Change Dir: /home/pongsakorn/drone_face_tracking/build/CMakeFiles/CMakeTmp

Run Build Command:"/usr/bin/make" "cmTC_15c2d/fast"
/usr/bin/make -f CMakeFiles/cmTC_15c2d.dir/build.make CMakeFiles/cmTC_15c2d.dir/build
make[1]: Entering directory '/home/pongsakorn/drone_face_tracking/build/CMakeFiles/CMakeTmp'
Building C object CMakeFiles/cmTC_15c2d.dir/CheckSymbolExists.c.o
/usr/bin/cc     -o CMakeFiles/cmTC_15c2d.dir/CheckSymbolExists.c.o   -c /home/pongsakorn/drone_face_tracking/build/CMakeFiles/CMakeTmp/CheckSymbolExists.c
Linking C executable cmTC_15c2d
/usr/bin/cmake -E cmake_link_script CMakeFiles/cmTC_15c2d.dir/link.txt --verbose=1
/usr/bin/cc       CMakeFiles/cmTC_15c2d.dir/CheckSymbolExists.c.o  -o cmTC_15c2d -rdynamic 
CMakeFiles/cmTC_15c2d.dir/CheckSymbolExists.c.o: In function `main':
CheckSymbolExists.c:(.text+0x16): undefined reference to `pthread_create'
collect2: error: ld returned 1 exit status
CMakeFiles/cmTC_15c2d.dir/build.make:97: recipe for target 'cmTC_15c2d' failed
make[1]: *** [cmTC_15c2d] Error 1
make[1]: Leaving directory '/home/pongsakorn/drone_face_tracking/build/CMakeFiles/CMakeTmp'
Makefile:126: recipe for target 'cmTC_15c2d/fast' failed
make: *** [cmTC_15c2d/fast] Error 2

File /home/pongsakorn/drone_face_tracking/build/CMakeFiles/CMakeTmp/CheckSymbolExists.c:
/* */
#include <pthread.h>

int main(int argc, char** argv)
{
  (void)argv;
#ifndef pthread_create
  return ((int*)(&pthread_create))[argc];
#else
  (void)argc;
  return 0;
#endif
}

Determining if the function pthread_create exists in the pthreads failed with the following output:
Change Dir: /home/pongsakorn/drone_face_tracking/build/CMakeFiles/CMakeTmp

Run Build Command:"/usr/bin/make" "cmTC_4de8d/fast"
/usr/bin/make -f CMakeFiles/cmTC_4de8d.dir/build.make CMakeFiles/cmTC_4de8d.dir/build
make[1]: Entering directory '/home/pongsakorn/drone_face_tracking/build/CMakeFiles/CMakeTmp'
Building C object CMakeFiles/cmTC_4de8d.dir/CheckFunctionExists.c.o
/usr/bin/cc    -DCHECK_FUNCTION_EXISTS=pthread_create   -o CMakeFiles/cmTC_4de8d.dir/CheckFunctionExists.c.o   -c /usr/share/cmake-3.5/Modules/CheckFunctionExists.c
Linking C executable cmTC_4de8d
/usr/bin/cmake -E cmake_link_script CMakeFiles/cmTC_4de8d.dir/link.txt --verbose=1
/usr/bin/cc   -DCHECK_FUNCTION_EXISTS=pthread_create    CMakeFiles/cmTC_4de8d.dir/CheckFunctionExists.c.o  -o cmTC_4de8d -rdynamic -lpthreads 
/usr/bin/ld: cannot find -lpthreads
collect2: error: ld returned 1 exit status
CMakeFiles/cmTC_4de8d.dir/build.make:97: recipe for target 'cmTC_4de8d' failed
make[1]: *** [cmTC_4de8d] Error 1
make[1]: Leaving directory '/home/pongsakorn/drone_face_tracking/build/CMakeFiles/CMakeTmp'
Makefile:126: recipe for target 'cmTC_4de8d/fast' failed
make: *** [cmTC_4de8d/fast] Error 2


